d:\qt\project\configuration\win32\debug\vc120.pdb
d:\qt\project\configuration\win32\debug\moc_importxls.obj
d:\qt\project\configuration\win32\debug\moc_importoneied.obj
d:\qt\project\configuration\win32\debug\moc_iecconfig.obj
d:\qt\project\configuration\win32\debug\moc_exportcid.obj
d:\qt\project\configuration\win32\debug\moc_droptable.obj
d:\qt\project\configuration\win32\debug\moc_datatemplate.obj
d:\qt\project\configuration\win32\debug\moc_datadescchange.obj
d:\qt\project\configuration\win32\debug\moc_compareied.obj
d:\qt\project\configuration\win32\debug\moc_comm_check.obj
d:\qt\project\configuration\win32\debug\moc_batchimportcid.obj
d:\qt\project\configuration\win32\debug\moc_applyoneied.obj
d:\qt\project\configuration\win32\debug\moc_adddatesetdlg.obj
d:\qt\project\configuration\win32\debug\datatemplate.obj
d:\qt\project\configuration\win32\debug\datadescchange.obj
d:\qt\project\configuration\win32\debug\crc32.obj
d:\qt\project\configuration\win32\debug\compareied.obj
d:\qt\project\configuration\win32\debug\comm_check.obj
d:\qt\project\configuration\win32\debug\batchimportcid.obj
d:\qt\project\configuration\win32\debug\applyoneied.obj
d:\qt\project\configuration\win32\debug\adddatesetdlg.obj
d:\qt\project\configuration\win32\debug\importoneied.obj
d:\qt\project\configuration\win32\debug\iecconfig.obj
d:\qt\project\configuration\win32\debug\globfun.obj
d:\qt\project\configuration\win32\debug\exportcid.obj
d:\qt\project\configuration\win32\debug\droptable.obj
d:\qt\project\configuration\win32\debug\moc_wait_dlg.obj
d:\qt\project\configuration\win32\debug\moc_userdefinedelegate.obj
d:\qt\project\configuration\win32\debug\moc_timeservice.obj
d:\qt\project\configuration\win32\debug\moc_terminaltypecheck.obj
d:\qt\project\configuration\win32\debug\moc_stationpara.obj
d:\qt\project\configuration\win32\debug\moc_rptchange.obj
d:\qt\project\configuration\win32\debug\moc_reload.obj
d:\qt\project\configuration\win32\debug\moc_mmsextra.obj
d:\qt\project\configuration\win32\debug\moc_mergescd.obj
d:\qt\project\configuration\win32\debug\moc_mergecompare.obj
d:\qt\project\configuration\win32\debug\moc_mainwindow.obj
d:\qt\project\configuration\win32\debug\moc_logicmap.obj
d:\qt\project\configuration\win32\debug\moc_legitimacyverification.obj
d:\qt\project\configuration\win32\debug\moc_inputdialog.obj
d:\qt\project\configuration\win32\debug\moc_importxls_rs.obj
d:\qt\project\configuration\win32\debug\mainwindowstation.obj
d:\qt\project\configuration\win32\debug\mainwindowsmv.obj
d:\qt\project\configuration\win32\debug\mainwindowrpt.obj
d:\qt\project\configuration\win32\debug\mainwindowlog.obj
d:\qt\project\configuration\win32\debug\mainwindowln.obj
d:\qt\project\configuration\win32\debug\mainwindowld.obj
d:\qt\project\configuration\win32\debug\mainwindowinput.obj
d:\qt\project\configuration\win32\debug\mainwindowied.obj
d:\qt\project\configuration\win32\debug\mainwindowheader.obj
d:\qt\project\configuration\win32\debug\mainwindowgse.obj
d:\qt\project\configuration\win32\debug\mainwindowdate.obj
d:\qt\project\configuration\win32\debug\mainwindowcomm.obj
d:\qt\project\configuration\win32\debug\mainwindowcheck.obj
d:\qt\project\configuration\win32\debug\mainwindow.obj
d:\qt\project\configuration\win32\debug\main.obj
d:\qt\project\configuration\win32\debug\logicmap.obj
d:\qt\project\configuration\win32\debug\legitimacyverification.obj
d:\qt\project\configuration\win32\debug\inputdialog.obj
d:\qt\project\configuration\win32\debug\importxls_rs.obj
d:\qt\project\configuration\win32\debug\importxls.obj
d:\qt\project\configuration\win32\debug\tinyxmlparser.obj
d:\qt\project\configuration\win32\debug\tinyxmlerror.obj
d:\qt\project\configuration\win32\debug\tinyxml.obj
d:\qt\project\configuration\win32\debug\tinystr.obj
d:\qt\project\configuration\win32\debug\timeservice.obj
d:\qt\project\configuration\win32\debug\thunk.obj
d:\qt\project\configuration\win32\debug\terminaltypecheck.obj
d:\qt\project\configuration\win32\debug\stationpara.obj
d:\qt\project\configuration\win32\debug\schemacheck.obj
d:\qt\project\configuration\win32\debug\scdtree.obj
d:\qt\project\configuration\win32\debug\sax2printhandlers.obj
d:\qt\project\configuration\win32\debug\sax2filterhandlers.obj
d:\qt\project\configuration\win32\debug\rptchange.obj
d:\qt\project\configuration\win32\debug\reload.obj
d:\qt\project\configuration\win32\debug\mmsextra.obj
d:\qt\project\configuration\win32\debug\messagehandler.obj
d:\qt\project\configuration\win32\debug\mergescd.obj
d:\qt\project\configuration\win32\debug\mergecompare.obj
d:\qt\project\configuration\win32\debug\memberfxn.obj
d:\qt\project\configuration\win32\debug\mainwindowsubnet.obj
d:\qt\project\configuration\win32\debug\xml.obj
d:\qt\project\configuration\win32\debug\wait_dlg.obj
d:\qt\project\configuration\win32\debug\userdefinedelegate.obj
d:\qt\project\configuration\win32\debug\sqlite3.obj
d:\qt\project\configuration\debug\moc_applyoneied.cpp
d:\qt\project\configuration\debug\moc_batchimportcid.cpp
d:\qt\project\configuration\debug\moc_exportcid.cpp
d:\qt\project\configuration\debug\moc_datatemplate.cpp
d:\qt\project\configuration\debug\moc_compareied.cpp
d:\qt\project\configuration\debug\moc_datadescchange.cpp
d:\qt\project\configuration\debug\moc_stationpara.cpp
d:\qt\project\configuration\debug\moc_iecconfig.cpp
d:\qt\project\configuration\debug\moc_timeservice.cpp
d:\qt\project\configuration\debug\moc_reload.cpp
d:\qt\project\configuration\debug\moc_mmsextra.cpp
d:\qt\project\configuration\debug\moc_importxls.cpp
d:\qt\project\configuration\debug\moc_importxls_rs.cpp
d:\qt\project\configuration\debug\moc_mergescd.cpp
d:\qt\project\configuration\debug\moc_mergecompare.cpp
d:\qt\project\configuration\debug\moc_adddatesetdlg.cpp
d:\qt\project\configuration\debug\moc_comm_check.cpp
d:\qt\project\configuration\debug\moc_droptable.cpp
d:\qt\project\configuration\debug\moc_importoneied.cpp
d:\qt\project\configuration\debug\moc_inputdialog.cpp
d:\qt\project\configuration\debug\moc_mainwindow.cpp
d:\qt\project\configuration\debug\moc_rptchange.cpp
d:\qt\project\configuration\debug\moc_legitimacyverification.cpp
d:\qt\project\configuration\debug\moc_logicmap.cpp
d:\qt\project\configuration\debug\moc_terminaltypecheck.cpp
d:\qt\project\configuration\debug\moc_userdefinedelegate.cpp
d:\qt\project\configuration\generatedfiles\ui_adddatesetdlg.h
d:\qt\project\configuration\generatedfiles\ui_importoneied.h
d:\qt\project\configuration\generatedfiles\ui_inputdialog.h
d:\qt\project\configuration\generatedfiles\ui_mainwindow.h
d:\qt\project\configuration\generatedfiles\ui_rptchange.h
d:\qt\project\configuration\generatedfiles\ui_comm_check.h
d:\qt\project\configuration\generatedfiles\ui_terminaltypecheck.h
d:\qt\project\configuration\generatedfiles\ui_logicmap.h
d:\qt\project\configuration\generatedfiles\ui_stationpara.h
d:\qt\project\configuration\generatedfiles\ui_iecconfig.h
d:\qt\project\configuration\generatedfiles\ui_applyoneied.h
d:\qt\project\configuration\generatedfiles\ui_timeservice.h
d:\qt\project\configuration\generatedfiles\ui_batchimportcid.h
d:\qt\project\configuration\generatedfiles\ui_reload.h
d:\qt\project\configuration\generatedfiles\ui_mmsextra.h
d:\qt\project\configuration\generatedfiles\ui_exportcid.h
d:\qt\project\configuration\generatedfiles\ui_compareied.h
d:\qt\project\configuration\generatedfiles\ui_datatemplate.h
d:\qt\project\configuration\generatedfiles\ui_datadescchange.h
d:\qt\project\configuration\generatedfiles\ui_importxls.h
d:\qt\project\configuration\generatedfiles\ui_importxls_rs.h
d:\qt\project\configuration\generatedfiles\ui_mergescd.h
d:\qt\project\configuration\generatedfiles\ui_mergecompare.h
d:\qt\project\configuration\generatedfiles\ui_wait_dlg.h
d:\qt\project\configuration\debug\moc_wait_dlg.cpp
d:\qt\project\configuration\generatedfiles\ui_legitimacyverification.h
d:\qt\project\configuration\debug\configuration.ilk
d:\qt\project\configuration\debug\configuration.exe
d:\qt\project\configuration\debug\configuration.pdb
d:\qt\project\configuration\win32\debug\configuration.res
d:\qt\project\configuration\win32\debug\configuration.tlog\cl.command.1.tlog
d:\qt\project\configuration\win32\debug\configuration.tlog\cl.read.1.tlog
d:\qt\project\configuration\win32\debug\configuration.tlog\cl.write.1.tlog
d:\qt\project\configuration\win32\debug\configuration.tlog\custombuild.command.1.tlog
d:\qt\project\configuration\win32\debug\configuration.tlog\custombuild.read.1.tlog
d:\qt\project\configuration\win32\debug\configuration.tlog\custombuild.write.1.tlog
d:\qt\project\configuration\win32\debug\configuration.tlog\link.command.1.tlog
d:\qt\project\configuration\win32\debug\configuration.tlog\link.read.1.tlog
d:\qt\project\configuration\win32\debug\configuration.tlog\link.write.1.tlog
d:\qt\project\configuration\win32\debug\configuration.tlog\rc.command.1.tlog
d:\qt\project\configuration\win32\debug\configuration.tlog\rc.read.1.tlog
d:\qt\project\configuration\win32\debug\configuration.tlog\rc.write.1.tlog
