d:\qt\project\configuration\win32\release\mainwindow.obj
d:\qt\project\configuration\win32\release\main.obj
d:\qt\project\configuration\win32\release\logicmap.obj
d:\qt\project\configuration\win32\release\legitimacyverification.obj
d:\qt\project\configuration\win32\release\inputdialog.obj
d:\qt\project\configuration\win32\release\importxls_rs.obj
d:\qt\project\configuration\win32\release\importxls.obj
d:\qt\project\configuration\win32\release\importoneied.obj
d:\qt\project\configuration\win32\release\iecconfig.obj
d:\qt\project\configuration\win32\release\globfun.obj
d:\qt\project\configuration\win32\release\exportcid.obj
d:\qt\project\configuration\win32\release\droptable.obj
d:\qt\project\configuration\win32\release\datatemplate.obj
d:\qt\project\configuration\win32\release\datadescchange.obj
d:\qt\project\configuration\win32\release\crc32.obj
d:\qt\project\configuration\win32\release\compareied.obj
d:\qt\project\configuration\win32\release\comm_check.obj
d:\qt\project\configuration\win32\release\batchimportcid.obj
d:\qt\project\configuration\win32\release\applyoneied.obj
d:\qt\project\configuration\win32\release\adddatesetdlg.obj
d:\qt\project\configuration\win32\release\moc_adddatesetdlg.obj
d:\qt\project\configuration\win32\release\mmsextra.obj
d:\qt\project\configuration\win32\release\messagehandler.obj
d:\qt\project\configuration\win32\release\mergescd.obj
d:\qt\project\configuration\win32\release\mergecompare.obj
d:\qt\project\configuration\win32\release\memberfxn.obj
d:\qt\project\configuration\win32\release\mainwindowsubnet.obj
d:\qt\project\configuration\win32\release\mainwindowstation.obj
d:\qt\project\configuration\win32\release\mainwindowsmv.obj
d:\qt\project\configuration\win32\release\mainwindowrpt.obj
d:\qt\project\configuration\win32\release\mainwindowlog.obj
d:\qt\project\configuration\win32\release\mainwindowln.obj
d:\qt\project\configuration\win32\release\mainwindowld.obj
d:\qt\project\configuration\win32\release\mainwindowinput.obj
d:\qt\project\configuration\win32\release\mainwindowied.obj
d:\qt\project\configuration\win32\release\mainwindowheader.obj
d:\qt\project\configuration\win32\release\mainwindowgse.obj
d:\qt\project\configuration\win32\release\mainwindowdate.obj
d:\qt\project\configuration\win32\release\mainwindowcomm.obj
d:\qt\project\configuration\win32\release\mainwindowcheck.obj
d:\qt\project\configuration\win32\release\moc_reload.obj
d:\qt\project\configuration\win32\release\moc_mmsextra.obj
d:\qt\project\configuration\win32\release\moc_mergescd.obj
d:\qt\project\configuration\win32\release\moc_mergecompare.obj
d:\qt\project\configuration\win32\release\moc_mainwindow.obj
d:\qt\project\configuration\win32\release\moc_logicmap.obj
d:\qt\project\configuration\win32\release\moc_legitimacyverification.obj
d:\qt\project\configuration\win32\release\moc_inputdialog.obj
d:\qt\project\configuration\win32\release\moc_importxls_rs.obj
d:\qt\project\configuration\win32\release\moc_importxls.obj
d:\qt\project\configuration\win32\release\moc_importoneied.obj
d:\qt\project\configuration\win32\release\moc_iecconfig.obj
d:\qt\project\configuration\win32\release\moc_exportcid.obj
d:\qt\project\configuration\win32\release\moc_droptable.obj
d:\qt\project\configuration\win32\release\moc_datatemplate.obj
d:\qt\project\configuration\win32\release\moc_datadescchange.obj
d:\qt\project\configuration\win32\release\moc_compareied.obj
d:\qt\project\configuration\win32\release\moc_comm_check.obj
d:\qt\project\configuration\win32\release\moc_batchimportcid.obj
d:\qt\project\configuration\win32\release\moc_applyoneied.obj
d:\qt\project\configuration\win32\release\tinyxmlparser.obj
d:\qt\project\configuration\win32\release\tinyxmlerror.obj
d:\qt\project\configuration\win32\release\tinyxml.obj
d:\qt\project\configuration\win32\release\tinystr.obj
d:\qt\project\configuration\win32\release\timeservice.obj
d:\qt\project\configuration\win32\release\thunk.obj
d:\qt\project\configuration\win32\release\terminaltypecheck.obj
d:\qt\project\configuration\win32\release\stationpara.obj
d:\qt\project\configuration\win32\release\schemacheck.obj
d:\qt\project\configuration\win32\release\scdtree.obj
d:\qt\project\configuration\win32\release\sax2printhandlers.obj
d:\qt\project\configuration\win32\release\sax2filterhandlers.obj
d:\qt\project\configuration\win32\release\rptchange.obj
d:\qt\project\configuration\win32\release\reload.obj
d:\qt\project\configuration\win32\release\moc_wait_dlg.obj
d:\qt\project\configuration\win32\release\moc_userdefinedelegate.obj
d:\qt\project\configuration\win32\release\moc_timeservice.obj
d:\qt\project\configuration\win32\release\moc_terminaltypecheck.obj
d:\qt\project\configuration\win32\release\moc_stationpara.obj
d:\qt\project\configuration\win32\release\moc_rptchange.obj
d:\qt\project\configuration\win32\release\xml.obj
d:\qt\project\configuration\win32\release\wait_dlg.obj
d:\qt\project\configuration\win32\release\userdefinedelegate.obj
d:\qt\project\configuration\win32\release\vc120.pdb
d:\qt\project\configuration\win32\release\sqlite3.obj
d:\qt\project\configuration\release\moc_applyoneied.cpp
d:\qt\project\configuration\release\moc_batchimportcid.cpp
d:\qt\project\configuration\release\moc_exportcid.cpp
d:\qt\project\configuration\release\moc_datatemplate.cpp
d:\qt\project\configuration\release\moc_compareied.cpp
d:\qt\project\configuration\release\moc_datadescchange.cpp
d:\qt\project\configuration\release\moc_stationpara.cpp
d:\qt\project\configuration\release\moc_iecconfig.cpp
d:\qt\project\configuration\release\moc_timeservice.cpp
d:\qt\project\configuration\release\moc_reload.cpp
d:\qt\project\configuration\release\moc_mmsextra.cpp
d:\qt\project\configuration\release\moc_importxls.cpp
d:\qt\project\configuration\release\moc_importxls_rs.cpp
d:\qt\project\configuration\release\moc_mergescd.cpp
d:\qt\project\configuration\release\moc_mergecompare.cpp
d:\qt\project\configuration\release\moc_wait_dlg.cpp
d:\qt\project\configuration\release\moc_adddatesetdlg.cpp
d:\qt\project\configuration\release\moc_comm_check.cpp
d:\qt\project\configuration\release\moc_droptable.cpp
d:\qt\project\configuration\release\moc_importoneied.cpp
d:\qt\project\configuration\release\moc_inputdialog.cpp
d:\qt\project\configuration\release\moc_rptchange.cpp
d:\qt\project\configuration\release\moc_legitimacyverification.cpp
d:\qt\project\configuration\release\moc_logicmap.cpp
d:\qt\project\configuration\release\moc_terminaltypecheck.cpp
d:\qt\project\configuration\release\moc_userdefinedelegate.cpp
d:\qt\project\configuration\generatedfiles\ui_adddatesetdlg.h
d:\qt\project\configuration\generatedfiles\ui_importoneied.h
d:\qt\project\configuration\generatedfiles\ui_inputdialog.h
d:\qt\project\configuration\generatedfiles\ui_mainwindow.h
d:\qt\project\configuration\generatedfiles\ui_rptchange.h
d:\qt\project\configuration\generatedfiles\ui_comm_check.h
d:\qt\project\configuration\generatedfiles\ui_legitimacyverification.h
d:\qt\project\configuration\generatedfiles\ui_terminaltypecheck.h
d:\qt\project\configuration\generatedfiles\ui_logicmap.h
d:\qt\project\configuration\generatedfiles\ui_stationpara.h
d:\qt\project\configuration\generatedfiles\ui_iecconfig.h
d:\qt\project\configuration\generatedfiles\ui_applyoneied.h
d:\qt\project\configuration\generatedfiles\ui_timeservice.h
d:\qt\project\configuration\generatedfiles\ui_batchimportcid.h
d:\qt\project\configuration\generatedfiles\ui_reload.h
d:\qt\project\configuration\generatedfiles\ui_mmsextra.h
d:\qt\project\configuration\generatedfiles\ui_exportcid.h
d:\qt\project\configuration\generatedfiles\ui_compareied.h
d:\qt\project\configuration\generatedfiles\ui_datatemplate.h
d:\qt\project\configuration\generatedfiles\ui_datadescchange.h
d:\qt\project\configuration\generatedfiles\ui_importxls.h
d:\qt\project\configuration\generatedfiles\ui_importxls_rs.h
d:\qt\project\configuration\generatedfiles\ui_mergescd.h
d:\qt\project\configuration\generatedfiles\ui_mergecompare.h
d:\qt\project\configuration\generatedfiles\ui_wait_dlg.h
d:\qt\project\configuration\release\moc_mainwindow.cpp
d:\qt\project\configuration\release\configuration.exe
d:\qt\project\configuration\win32\release\configuration.res
d:\qt\project\configuration\win32\release\configuration.tlog\cl.command.1.tlog
d:\qt\project\configuration\win32\release\configuration.tlog\cl.read.1.tlog
d:\qt\project\configuration\win32\release\configuration.tlog\cl.write.1.tlog
d:\qt\project\configuration\win32\release\configuration.tlog\custombuild.command.1.tlog
d:\qt\project\configuration\win32\release\configuration.tlog\custombuild.read.1.tlog
d:\qt\project\configuration\win32\release\configuration.tlog\custombuild.write.1.tlog
d:\qt\project\configuration\win32\release\configuration.tlog\link.command.1.tlog
d:\qt\project\configuration\win32\release\configuration.tlog\link.read.1.tlog
d:\qt\project\configuration\win32\release\configuration.tlog\link.write.1.tlog
d:\qt\project\configuration\win32\release\configuration.tlog\rc.command.1.tlog
d:\qt\project\configuration\win32\release\configuration.tlog\rc.read.1.tlog
d:\qt\project\configuration\win32\release\configuration.tlog\rc.write.1.tlog
